=== Auto-sync berjalan (Sat Nov  8 15:29:39 WIB 2025) ===
⏳ Mengecek sinkronisasi (Sat Nov  8 15:29:39 WIB 2025)...
[main a47cfa6] AutoSync-local: 2025-11-08 15:29:39
 2 files changed, 39 insertions(+), 19 deletions(-)
 create mode 100644 .sync.log
To https://github.com/medenx/xau-sentinel.git
   e35bc7b..a47cfa6  main -> main
✅ Push ke GitHub (Sat Nov  8 15:29:42 WIB 2025)
✔ Sinkronisasi selesai (Sat Nov  8 15:29:42 WIB 2025)
⏳ Mengecek sinkronisasi (Sat Nov  8 15:30:42 WIB 2025)...
[main ef9050c] AutoSync-local: 2025-11-08 15:30:42
 1 file changed, 1 insertion(+)
To https://github.com/medenx/xau-sentinel.git
   a47cfa6..ef9050c  main -> main
✅ Push ke GitHub (Sat Nov  8 15:30:44 WIB 2025)
✔ Sinkronisasi selesai (Sat Nov  8 15:30:44 WIB 2025)
⏳ Mengecek sinkronisasi (Sat Nov  8 15:31:45 WIB 2025)...
[main 5a642ce] AutoSync-local: 2025-11-08 15:31:45
 1 file changed, 7 insertions(+)
To https://github.com/medenx/xau-sentinel.git
   ef9050c..5a642ce  main -> main
✅ Push ke GitHub (Sat Nov  8 15:31:47 WIB 2025)
✔ Sinkronisasi selesai (Sat Nov  8 15:31:47 WIB 2025)
⏳ Mengecek sinkronisasi (Sat Nov  8 15:32:47 WIB 2025)...
[main 9dadefc] AutoSync-local: 2025-11-08 15:32:47
 1 file changed, 7 insertions(+)
To https://github.com/medenx/xau-sentinel.git
   5a642ce..9dadefc  main -> main
✅ Push ke GitHub (Sat Nov  8 15:32:50 WIB 2025)
✔ Sinkronisasi selesai (Sat Nov  8 15:32:50 WIB 2025)
⏳ Mengecek sinkronisasi (Sat Nov  8 15:33:50 WIB 2025)...
